<?xml version="1.0" encoding="UTF-8"?>
<testng-results ignored="0" total="1" passed="1" failed="0" skipped="0">
  <reporter-output>
  </reporter-output>
  <suite started-at="2024-07-26T14:47:08 IST" name="Surefire suite" finished-at="2024-07-26T14:47:08 IST" duration-ms="88">
    <groups>
    </groups>
    <test started-at="2024-07-26T14:47:08 IST" name="Surefire test" finished-at="2024-07-26T14:47:08 IST" duration-ms="88">
      <class name="testngHelloWorld.TestHelloWorld">
        <test-method signature="testHelloWorld()[pri:0, instance:testngHelloWorld.TestHelloWorld@6107227e]" started-at="2024-07-26T14:47:08 IST" name="testHelloWorld" finished-at="2024-07-26T14:47:08 IST" duration-ms="11" status="PASS">
          <reporter-output>
          </reporter-output>
        </test-method> <!-- testHelloWorld -->
      </class> <!-- testngHelloWorld.TestHelloWorld -->
    </test> <!-- Surefire test -->
  </suite> <!-- Surefire suite -->
</testng-results>
